Logfile initialized
[INFO] logfile = /Users/mustafa/Documents/New Workspace/test media/build.log
[DEBUG] /Library/Application Support/Titanium/mobilesdk/osx/1.7.2/android/builder.py install test media /Applications/android-sdk-mac_x86 /Users/mustafa/Documents/New Workspace/test media com.teststuff.media 7
[INFO] Titanium SDK version: 1.7.2 (07/21/11 09:36 97c3689)
[DEBUG] Waiting for device to be ready ...
[TRACE] adb devices returned 1 devices/emulators
[DEBUG] Device connected... (waited 0 seconds)
[DEBUG] waited 0.037556 seconds on emulator to get ready
[DEBUG] com.teststuff.media installed? False
[INFO] Copying project resources..
[TRACE] COPYING MODIFIED FILE: /Users/mustafa/Documents/New Workspace/test media/Resources/media/abc.js => /Users/mustafa/Documents/New Workspace/test media/build/android/bin/assets/Resources/media/abc.js
[TRACE] Generating Java Classes
[DEBUG] Processing Android resource drawables
[INFO] Copying platform-specific files for 'nexplayer' module
[DEBUG] found special platform files dir = /Users/mustafa/Documents/New Workspace/test media/platform/android
[INFO] Copying platform-specific files ...
[DEBUG] copying app icon: /Users/mustafa/Documents/New Workspace/test media/build/android/bin/assets/Resources/appicon.png
[DEBUG] generating theme.xml
[DEBUG] found drawable-long-land-hdpi splash screen at /Users/mustafa/Documents/New Workspace/test media/Resources/android/images/res-long-land-hdpi/default.png
[DEBUG] copying /Users/mustafa/Documents/New Workspace/test media/Resources/android/images/res-long-land-hdpi/default.png splash screen to /Users/mustafa/Documents/New Workspace/test media/build/android/res/drawable-long-land-hdpi/background.png
[DEBUG] found drawable-long-land-ldpi splash screen at /Users/mustafa/Documents/New Workspace/test media/Resources/android/images/res-long-land-ldpi/default.png
[DEBUG] copying /Users/mustafa/Documents/New Workspace/test media/Resources/android/images/res-long-land-ldpi/default.png splash screen to /Users/mustafa/Documents/New Workspace/test media/build/android/res/drawable-long-land-ldpi/background.png
[DEBUG] found drawable-long-port-hdpi splash screen at /Users/mustafa/Documents/New Workspace/test media/Resources/android/images/res-long-port-hdpi/default.png
[DEBUG] copying /Users/mustafa/Documents/New Workspace/test media/Resources/android/images/res-long-port-hdpi/default.png splash screen to /Users/mustafa/Documents/New Workspace/test media/build/android/res/drawable-long-port-hdpi/background.png
[DEBUG] found drawable-long-port-ldpi splash screen at /Users/mustafa/Documents/New Workspace/test media/Resources/android/images/res-long-port-ldpi/default.png
[DEBUG] copying /Users/mustafa/Documents/New Workspace/test media/Resources/android/images/res-long-port-ldpi/default.png splash screen to /Users/mustafa/Documents/New Workspace/test media/build/android/res/drawable-long-port-ldpi/background.png
[DEBUG] found drawable-notlong-land-hdpi splash screen at /Users/mustafa/Documents/New Workspace/test media/Resources/android/images/res-notlong-land-hdpi/default.png
[DEBUG] copying /Users/mustafa/Documents/New Workspace/test media/Resources/android/images/res-notlong-land-hdpi/default.png splash screen to /Users/mustafa/Documents/New Workspace/test media/build/android/res/drawable-notlong-land-hdpi/background.png
[DEBUG] found drawable-notlong-land-ldpi splash screen at /Users/mustafa/Documents/New Workspace/test media/Resources/android/images/res-notlong-land-ldpi/default.png
[DEBUG] copying /Users/mustafa/Documents/New Workspace/test media/Resources/android/images/res-notlong-land-ldpi/default.png splash screen to /Users/mustafa/Documents/New Workspace/test media/build/android/res/drawable-notlong-land-ldpi/background.png
[DEBUG] found drawable-notlong-land-mdpi splash screen at /Users/mustafa/Documents/New Workspace/test media/Resources/android/images/res-notlong-land-mdpi/default.png
[DEBUG] copying /Users/mustafa/Documents/New Workspace/test media/Resources/android/images/res-notlong-land-mdpi/default.png splash screen to /Users/mustafa/Documents/New Workspace/test media/build/android/res/drawable-notlong-land-mdpi/background.png
[DEBUG] found drawable-notlong-port-hdpi splash screen at /Users/mustafa/Documents/New Workspace/test media/Resources/android/images/res-notlong-port-hdpi/default.png
[DEBUG] copying /Users/mustafa/Documents/New Workspace/test media/Resources/android/images/res-notlong-port-hdpi/default.png splash screen to /Users/mustafa/Documents/New Workspace/test media/build/android/res/drawable-notlong-port-hdpi/background.png
[DEBUG] found drawable-notlong-port-ldpi splash screen at /Users/mustafa/Documents/New Workspace/test media/Resources/android/images/res-notlong-port-ldpi/default.png
[DEBUG] copying /Users/mustafa/Documents/New Workspace/test media/Resources/android/images/res-notlong-port-ldpi/default.png splash screen to /Users/mustafa/Documents/New Workspace/test media/build/android/res/drawable-notlong-port-ldpi/background.png
[DEBUG] found drawable-notlong-port-mdpi splash screen at /Users/mustafa/Documents/New Workspace/test media/Resources/android/images/res-notlong-port-mdpi/default.png
[DEBUG] copying /Users/mustafa/Documents/New Workspace/test media/Resources/android/images/res-notlong-port-mdpi/default.png splash screen to /Users/mustafa/Documents/New Workspace/test media/build/android/res/drawable-notlong-port-mdpi/background.png
[DEBUG] found splash screen at /Users/mustafa/Documents/New Workspace/test media/build/android/bin/assets/Resources/default.png
[TRACE] Writing out AndroidManifest.xml
[DEBUG] adding /Users/mustafa/Documents/New Workspace/test media/build/android/gen/com/teststuff/media/R.java to javac build list
[DEBUG] adding /Users/mustafa/Documents/New Workspace/test media/build/android/gen/com/teststuff/media/TestMediaActivity.java to javac build list
[DEBUG] adding /Users/mustafa/Documents/New Workspace/test media/build/android/gen/com/teststuff/media/TestMediaAppInfo.java to javac build list
[DEBUG] adding /Users/mustafa/Documents/New Workspace/test media/build/android/gen/com/teststuff/media/TestMediaApplication.java to javac build list
[DEBUG] Building Java Sources: "/Users/mustafa/Documents/New Workspace/test media/build/android/gen/com/teststuff/media/R.java" "/Users/mustafa/Documents/New Workspace/test media/build/android/gen/com/teststuff/media/TestMediaActivity.java" "/Users/mustafa/Documents/New Workspace/test media/build/android/gen/com/teststuff/media/TestMediaAppInfo.java" "/Users/mustafa/Documents/New Workspace/test media/build/android/gen/com/teststuff/media/TestMediaApplication.java"
[INFO] Compiling Android Resources... This could take some time
[DEBUG] Android classes.dex built
[DEBUG] creating unsigned apk: /Users/mustafa/Documents/New Workspace/test media/build/android/bin/app-unsigned.apk
[DEBUG] from resource zip => assets/Resources/media/abc.js
[DEBUG] from resource zip => assets/Resources/media/nexplayer.js
[DEBUG] from resource zip => assets/Resources/media/test.js
[DEBUG] from resource zip => assets/Resources/KS_nav_ui.png
[DEBUG] from resource zip => assets/Resources/KS_nav_views.png
[DEBUG] from resource zip => assets/Resources/app.js
[DEBUG] from resource zip => assets/Resources/appicon.png
[DEBUG] from resource zip => assets/Resources/default.png
[DEBUG] from resource zip => assets/tiapp.xml
[DEBUG] from resource zip => res/drawable/appicon.png
[DEBUG] from resource zip => res/drawable/background.png
[DEBUG] from resource zip => res/layout/nexplayer_bookmark.xml
[DEBUG] from resource zip => res/layout/nexplayer_sample.xml
[DEBUG] from resource zip => res/layout/nexplayer_urltext.xml
[DEBUG] from resource zip => res/layout/titanium_tabgroup.xml
[DEBUG] from resource zip => AndroidManifest.xml
[DEBUG] from resource zip => resources.arsc
[DEBUG] from resource zip => res/drawable-long-land-hdpi/background.png
[DEBUG] from resource zip => res/drawable-long-land-ldpi/background.png
[DEBUG] from resource zip => res/drawable-long-port-hdpi/background.png
[DEBUG] from resource zip => res/drawable-long-port-ldpi/background.png
[DEBUG] from resource zip => res/drawable-notlong-land-hdpi/background.png
[DEBUG] from resource zip => res/drawable-notlong-land-ldpi/background.png
[DEBUG] from resource zip => res/drawable-notlong-land-mdpi/background.png
[DEBUG] from resource zip => res/drawable-notlong-port-hdpi/background.png
[DEBUG] from resource zip => res/drawable-notlong-port-ldpi/background.png
[DEBUG] from resource zip => res/drawable-notlong-port-mdpi/background.png
[DEBUG] from JAR /Library/Application Support/Titanium/mobilesdk/osx/1.7.2/android/smalljs.jar => org/mozilla/javascript/resources/Messages.properties
[DEBUG] from JAR /Library/Application Support/Titanium/mobilesdk/osx/1.7.2/android/smalljs.jar => org/mozilla/javascript/resources/Messages_fr.properties
[DEBUG] from JAR /Library/Application Support/Titanium/mobilesdk/osx/1.7.2/android/modules/titanium-ui.jar => ti/modules/titanium/ui/widget/webview/binding.js
[DEBUG] from JAR /Library/Application Support/Titanium/mobilesdk/osx/1.7.2/android/modules/titanium-ui.jar => ti/modules/titanium/ui/widget/webview/binding.min.js
[DEBUG] from JAR /Library/Application Support/Titanium/mobilesdk/osx/1.7.2/android/modules/titanium-ui.jar => ti/modules/titanium/ui/widget/webview/json2.js
[DEBUG] from JAR /Library/Application Support/Titanium/mobilesdk/osx/1.7.2/android/titanium.jar => org/apache/Commons-NOTICE.txt
[DEBUG] from JAR /Library/Application Support/Titanium/mobilesdk/osx/1.7.2/android/titanium.jar => org/apache/HttpComponents-NOTICE.txt
[DEBUG] from JAR /Library/Application Support/Titanium/mobilesdk/osx/1.7.2/android/titanium.jar => org/apache/mime4j-NOTICE.txt
[DEBUG] from JAR /Library/Application Support/Titanium/mobilesdk/osx/1.7.2/android/titanium.jar => org/appcelerator/titanium/build.properties
[DEBUG] from JAR /Library/Application Support/Titanium/mobilesdk/osx/1.7.2/android/titanium.jar => org/appcelerator/titanium/res/drawable/background.png
[DEBUG] from JAR /Library/Application Support/Titanium/mobilesdk/osx/1.7.2/android/titanium.jar => org/appcelerator/titanium/res/drawable/btn_check_buttonless_on.png
[DEBUG] from JAR /Library/Application Support/Titanium/mobilesdk/osx/1.7.2/android/titanium.jar => org/appcelerator/titanium/res/drawable/btn_check_buttonless_on_18.png
[DEBUG] from JAR /Library/Application Support/Titanium/mobilesdk/osx/1.7.2/android/titanium.jar => org/appcelerator/titanium/res/drawable/btn_check_buttonless_on_48.png
[DEBUG] from JAR /Library/Application Support/Titanium/mobilesdk/osx/1.7.2/android/titanium.jar => org/appcelerator/titanium/res/drawable/btn_more.png
[DEBUG] from JAR /Library/Application Support/Titanium/mobilesdk/osx/1.7.2/android/titanium.jar => org/appcelerator/titanium/res/drawable/btn_more_18.png
[DEBUG] from JAR /Library/Application Support/Titanium/mobilesdk/osx/1.7.2/android/titanium.jar => org/appcelerator/titanium/res/drawable/btn_more_48.png
[DEBUG] from JAR /Library/Application Support/Titanium/mobilesdk/osx/1.7.2/android/titanium.jar => org/appcelerator/titanium/res/drawable/btn_picker_normal.9.png
[DEBUG] from JAR /Library/Application Support/Titanium/mobilesdk/osx/1.7.2/android/titanium.jar => org/appcelerator/titanium/res/drawable/btn_picker_pressed.9.png
[DEBUG] from JAR /Library/Application Support/Titanium/mobilesdk/osx/1.7.2/android/titanium.jar => org/appcelerator/titanium/res/drawable/btn_picker_selected.9.png
[DEBUG] from JAR /Library/Application Support/Titanium/mobilesdk/osx/1.7.2/android/titanium.jar => org/appcelerator/titanium/res/drawable/default_icon.png
[DEBUG] from JAR /Library/Application Support/Titanium/mobilesdk/osx/1.7.2/android/titanium.jar => org/appcelerator/titanium/res/drawable/photoDefault.png
[DEBUG] installing native lib: /Users/mustafa/Documents/New Workspace/test media/build/android/libs/armeabi/libasfplayreadydescramblesample_jni.so
[DEBUG] installing native lib: /Users/mustafa/Documents/New Workspace/test media/build/android/libs/armeabi/libdrmsample_jni.so
[DEBUG] installing native lib: /Users/mustafa/Documents/New Workspace/test media/build/android/libs/armeabi/libgethttpcredentialsample_jni.so
[DEBUG] installing native lib: /Users/mustafa/Documents/New Workspace/test media/build/android/libs/armeabi/libgetkeyextsample_jni.so
[DEBUG] installing native lib: /Users/mustafa/Documents/New Workspace/test media/build/android/libs/armeabi/libhlstsdescramblesample_jni.so
[DEBUG] installing native lib: /Users/mustafa/Documents/New Workspace/test media/build/android/libs/armeabi/libnexcal_aac_armv5.so
[DEBUG] installing native lib: /Users/mustafa/Documents/New Workspace/test media/build/android/libs/armeabi/libnexcal_aac_armv6.so
[DEBUG] installing native lib: /Users/mustafa/Documents/New Workspace/test media/build/android/libs/armeabi/libnexcal_aac_armv7.so
[DEBUG] installing native lib: /Users/mustafa/Documents/New Workspace/test media/build/android/libs/armeabi/libnexcal_amr_armv5.so
[DEBUG] installing native lib: /Users/mustafa/Documents/New Workspace/test media/build/android/libs/armeabi/libnexcal_amr_armv6.so
[DEBUG] installing native lib: /Users/mustafa/Documents/New Workspace/test media/build/android/libs/armeabi/libnexcal_amr_armv7.so
[DEBUG] installing native lib: /Users/mustafa/Documents/New Workspace/test media/build/android/libs/armeabi/libnexcal_amrwb_armv5.so
[DEBUG] installing native lib: /Users/mustafa/Documents/New Workspace/test media/build/android/libs/armeabi/libnexcal_amrwb_armv6.so
[DEBUG] installing native lib: /Users/mustafa/Documents/New Workspace/test media/build/android/libs/armeabi/libnexcal_amrwb_armv7.so
[DEBUG] installing native lib: /Users/mustafa/Documents/New Workspace/test media/build/android/libs/armeabi/libnexcal_divx_armv5.so
[DEBUG] installing native lib: /Users/mustafa/Documents/New Workspace/test media/build/android/libs/armeabi/libnexcal_divx_armv6.so
[DEBUG] installing native lib: /Users/mustafa/Documents/New Workspace/test media/build/android/libs/armeabi/libnexcal_divx_armv7.so
[DEBUG] installing native lib: /Users/mustafa/Documents/New Workspace/test media/build/android/libs/armeabi/libnexcal_h264_armv5.so
[DEBUG] installing native lib: /Users/mustafa/Documents/New Workspace/test media/build/android/libs/armeabi/libnexcal_h264_armv6.so
[DEBUG] installing native lib: /Users/mustafa/Documents/New Workspace/test media/build/android/libs/armeabi/libnexcal_h264_armv7.so
[DEBUG] installing native lib: /Users/mustafa/Documents/New Workspace/test media/build/android/libs/armeabi/libnexcal_mp3_armv5.so
[DEBUG] installing native lib: /Users/mustafa/Documents/New Workspace/test media/build/android/libs/armeabi/libnexcal_mp3_armv6.so
[DEBUG] installing native lib: /Users/mustafa/Documents/New Workspace/test media/build/android/libs/armeabi/libnexcal_mp3_armv7.so
[DEBUG] installing native lib: /Users/mustafa/Documents/New Workspace/test media/build/android/libs/armeabi/libnexcal_wma_armv5.so
[DEBUG] installing native lib: /Users/mustafa/Documents/New Workspace/test media/build/android/libs/armeabi/libnexcal_wma_armv6.so
[DEBUG] installing native lib: /Users/mustafa/Documents/New Workspace/test media/build/android/libs/armeabi/libnexcal_wma_armv7.so
[DEBUG] installing native lib: /Users/mustafa/Documents/New Workspace/test media/build/android/libs/armeabi/libnexcal_wmv_armv5.so
[DEBUG] installing native lib: /Users/mustafa/Documents/New Workspace/test media/build/android/libs/armeabi/libnexcal_wmv_armv6.so
[DEBUG] installing native lib: /Users/mustafa/Documents/New Workspace/test media/build/android/libs/armeabi/libnexcal_wmv_armv7.so
[DEBUG] installing native lib: /Users/mustafa/Documents/New Workspace/test media/build/android/libs/armeabi/libnexplayerengine.so
[DEBUG] installing native lib: /Users/mustafa/Documents/New Workspace/test media/build/android/libs/armeabi/libnexralbody_audio.so
[DEBUG] installing native lib: /Users/mustafa/Documents/New Workspace/test media/build/android/libs/armeabi/libnexralbody_cu.so
[DEBUG] installing native lib: /Users/mustafa/Documents/New Workspace/test media/build/android/libs/armeabi/libnexralbody_ec.so
[DEBUG] installing native lib: /Users/mustafa/Documents/New Workspace/test media/build/android/libs/armeabi/libnexralbody_fr.so
[DEBUG] installing native lib: /Users/mustafa/Documents/New Workspace/test media/build/android/libs/armeabi/libnexralbody_video_cu.so
[DEBUG] installing native lib: /Users/mustafa/Documents/New Workspace/test media/build/android/libs/armeabi/libnexralbody_video_ec.so
[DEBUG] installing native lib: /Users/mustafa/Documents/New Workspace/test media/build/android/libs/armeabi/libnexralbody_video_fr.so
[DEBUG] installing native lib: /Users/mustafa/Documents/New Workspace/test media/build/android/libs/armeabi/libnexralbody_video_hc.so
[DEBUG] installing native lib: /Users/mustafa/Documents/New Workspace/test media/build/android/libs/armeabi/libpiffplayreadydescramblesample_jni.so
[DEBUG] installing native lib: /Users/mustafa/Documents/New Workspace/test media/build/android/libs/armeabi/libregisterdlapiexsample_jni.so
[DEBUG] installing native lib: /Users/mustafa/Documents/New Workspace/test media/build/android/libs/armeabi/libremotefileiosample_jni.so
[DEBUG] installing native lib: /Users/mustafa/Documents/New Workspace/test media/build/android/libs/armeabi/libsmoothstreamfragmentdescramblesample_jni.so
[DEBUG] installing native lib: /Users/mustafa/Documents/New Workspace/test media/build/android/libs/armeabi/libsmoothstreamplayreadydescramblesample_jni.so
[DEBUG] Waiting for device to be ready ...
[TRACE] adb devices returned 1 devices/emulators
[DEBUG] Device connected... (waited 0 seconds)
[DEBUG] waited 0.008549 seconds on emulator to get ready
[INFO] Installing application on emulator
[INFO] Application installed. Launch from drawer on Home Screen
